Start testing: Jul 02 14:43 -03
----------------------------------------------------------
1/3 Testing: PerformanceTest
1/3 Test: PerformanceTest
Command: "/home/amdy/data_rein/cpp_core/test_performance"
Directory: /home/amdy/data_rein/cpp_core
"PerformanceTest" start time: Jul 02 14:43 -03
Output:
----------------------------------------------------------
[PASS] Performance: Zero-polling reactive wait validated.
<end of output>
Test time =   0.10 sec
----------------------------------------------------------
Test Passed.
"PerformanceTest" end time: Jul 02 14:43 -03
"PerformanceTest" time elapsed: 00:00:00
----------------------------------------------------------

2/3 Testing: SafetySecurityTest
2/3 Test: SafetySecurityTest
Command: "/home/amdy/data_rein/cpp_core/test_safety_security"
Directory: /home/amdy/data_rein/cpp_core
"SafetySecurityTest" start time: Jul 02 14:43 -03
Output:
----------------------------------------------------------
[PASS] Safety & Security: Bounds checks and memory safety validated.
<end of output>
Test time =   0.00 sec
----------------------------------------------------------
Test Passed.
"SafetySecurityTest" end time: Jul 02 14:43 -03
"SafetySecurityTest" time elapsed: 00:00:00
----------------------------------------------------------

3/3 Testing: StabilityTest
3/3 Test: StabilityTest
Command: "/home/amdy/data_rein/cpp_core/test_stability"
Directory: /home/amdy/data_rein/cpp_core
"StabilityTest" start time: Jul 02 14:43 -03
Output:
----------------------------------------------------------
[PASS] Stability: Graceful failure recovery and signals validated.
<end of output>
Test time =   0.00 sec
----------------------------------------------------------
Test Passed.
"StabilityTest" end time: Jul 02 14:43 -03
"StabilityTest" time elapsed: 00:00:00
----------------------------------------------------------

End testing: Jul 02 14:43 -03
